Command line
python /home/michaph/.conda/envs/chemprop/lib/python3.8/site-packages/ipykernel_launcher.py -f /home/michaph/.jupyter/runtime/kernel-cfca887f-6d3a-4610-aa3a-062035d3d6cd.json
Args
{'activation': 'ReLU',
 'adding_h': False,
 'aggregation': 'mean',
 'aggregation_norm': 100,
 'atom_descriptor_scaling': True,
 'atom_descriptors': None,
 'atom_descriptors_path': None,
 'atom_descriptors_size': 0,
 'atom_features_size': 0,
 'atom_messages': False,
 'batch_size': 50,
 'bias': False,
 'bias_solvent': False,
 'bond_feature_scaling': True,
 'bond_features_path': None,
 'bond_features_size': 0,
 'cache_cutoff': 10000,
 'checkpoint_dir': None,
 'checkpoint_frzn': None,
 'checkpoint_path': None,
 'checkpoint_paths': None,
 'class_balance': False,
 'config_path': None,
 'crossval_index_dir': None,
 'crossval_index_file': None,
 'crossval_index_sets': None,
 'cuda': False,
 'data_path': '../data/deepchem_Lipophilicity.csv',
 'data_weights_path': None,
 'dataset_type': 'regression',
 'depth': 3,
 'depth_solvent': 3,
 'device': device(type='cpu'),
 'dropout': 0.0,
 'empty_cache': False,
 'ensemble_size': 1,
 'epochs': 30,
 'evidential_regularization': 0,
 'explicit_h': False,
 'extra_metrics': [],
 'features_generator': None,
 'features_only': False,
 'features_path': None,
 'features_scaling': True,
 'features_size': None,
 'ffn_hidden_size': 300,
 'ffn_num_layers': 2,
 'final_lr': 0.0001,
 'folds_file': None,
 'freeze_first_only': False,
 'frzn_ffn_layers': 0,
 'gpu': None,
 'grad_clip': None,
 'hidden_size': 300,
 'hidden_size_solvent': 300,
 'ignore_columns': None,
 'init_lr': 0.0001,
 'log_frequency': 10,
 'loss_function': 'mse',
 'max_data_size': None,
 'max_lr': 0.001,
 'metric': 'rmse',
 'metrics': ['rmse'],
 'minimize_score': True,
 'mpn_shared': False,
 'multiclass_num_classes': 3,
 'no_atom_descriptor_scaling': False,
 'no_bond_features_scaling': False,
 'no_cache_mol': False,
 'no_cuda': False,
 'no_features_scaling': False,
 'num_folds': 1,
 'num_lrs': 1,
 'num_tasks': 1,
 'num_workers': 8,
 'number_of_molecules': 1,
 'overwrite_default_atom_features': False,
 'overwrite_default_bond_features': False,
 'phase_features_path': None,
 'pytorch_seed': 0,
 'quiet': False,
 'reaction': False,
 'reaction_mode': 'reac_diff',
 'reaction_solvent': False,
 'resume_experiment': False,
 'save_dir': 'chemprep_lipo_01',
 'save_preds': False,
 'save_smiles_splits': False,
 'seed': 0,
 'separate_test_atom_descriptors_path': None,
 'separate_test_bond_features_path': None,
 'separate_test_features_path': None,
 'separate_test_path': None,
 'separate_test_phase_features_path': None,
 'separate_val_atom_descriptors_path': None,
 'separate_val_bond_features_path': None,
 'separate_val_features_path': None,
 'separate_val_path': None,
 'separate_val_phase_features_path': None,
 'show_individual_scores': False,
 'smiles_columns': ['smiles'],
 'spectra_activation': 'exp',
 'spectra_phase_mask_path': None,
 'spectra_target_floor': 1e-08,
 'split_key_molecule': 0,
 'split_sizes': (0.8, 0.1, 0.1),
 'split_type': 'random',
 'target_columns': ['exp'],
 'target_weights': None,
 'task_names': ['exp'],
 'test': False,
 'test_fold_index': None,
 'train_data_size': None,
 'undirected': False,
 'use_input_features': False,
 'val_fold_index': None,
 'warmup_epochs': 2.0}
Setting molecule featurization parameters to default.
Loading data
Number of tasks = 1
Fold 0
Splitting data with seed 0
Total size = 4,200 | train size = 3,360 | val size = 420 | test size = 420
Fitting scaler
Building model 0
MoleculeModel(
  (encoder): MPN(
    (encoder): ModuleList(
      (0): MPNEncoder(
        (dropout_layer): Dropout(p=0.0, inplace=False)
        (act_func): ReLU()
        (W_i): Linear(in_features=147, out_features=300, bias=False)
        (W_h): Linear(in_features=300, out_features=300, bias=False)
        (W_o): Linear(in_features=433, out_features=300, bias=True)
      )
    )
  )
  (ffn): Sequential(
    (0): Dropout(p=0.0, inplace=False)
    (1): Linear(in_features=300, out_features=300, bias=True)
    (2): ReLU()
    (3): Dropout(p=0.0, inplace=False)
    (4): Linear(in_features=300, out_features=1, bias=True)
  )
)
Number of parameters = 355,201
Epoch 0
Loss = 8.8642e-01, PNorm = 34.0111, GNorm = 0.8313, lr_0 = 1.7388e-04
Loss = 9.4703e-01, PNorm = 34.0136, GNorm = 2.2258, lr_0 = 2.4104e-04
Loss = 1.0316e+00, PNorm = 34.0183, GNorm = 2.4026, lr_0 = 3.0821e-04
Loss = 9.2564e-01, PNorm = 34.0265, GNorm = 2.6158, lr_0 = 3.7537e-04
Loss = 8.9347e-01, PNorm = 34.0399, GNorm = 3.1253, lr_0 = 4.4254e-04
Loss = 9.5773e-01, PNorm = 34.0616, GNorm = 4.0600, lr_0 = 5.0970e-04
Validation rmse = 1.147362
Epoch 1
Loss = 8.4289e-01, PNorm = 34.0894, GNorm = 0.8635, lr_0 = 5.8358e-04
Loss = 8.7753e-01, PNorm = 34.1169, GNorm = 4.0418, lr_0 = 6.5075e-04
Loss = 7.6741e-01, PNorm = 34.1607, GNorm = 1.2115, lr_0 = 7.1791e-04
Loss = 8.0168e-01, PNorm = 34.2161, GNorm = 5.8131, lr_0 = 7.8507e-04
Loss = 8.3929e-01, PNorm = 34.2626, GNorm = 2.6497, lr_0 = 8.5224e-04
Loss = 8.1789e-01, PNorm = 34.3153, GNorm = 3.2080, lr_0 = 9.1940e-04
Loss = 6.9771e-01, PNorm = 34.3785, GNorm = 2.6052, lr_0 = 9.8657e-04
Validation rmse = 1.046673
Epoch 2
Loss = 6.3505e-01, PNorm = 34.4379, GNorm = 1.0952, lr_0 = 9.8901e-04
Loss = 7.1303e-01, PNorm = 34.4994, GNorm = 5.0346, lr_0 = 9.7695e-04
Loss = 6.4040e-01, PNorm = 34.5677, GNorm = 1.4968, lr_0 = 9.6503e-04
Loss = 6.1050e-01, PNorm = 34.6265, GNorm = 7.2243, lr_0 = 9.5326e-04
Loss = 6.1463e-01, PNorm = 34.6840, GNorm = 3.5043, lr_0 = 9.4163e-04
Loss = 6.3551e-01, PNorm = 34.7516, GNorm = 4.6337, lr_0 = 9.3014e-04
Loss = 5.5134e-01, PNorm = 34.8217, GNorm = 2.7660, lr_0 = 9.1880e-04
Validation rmse = 0.966409
Epoch 3
Loss = 6.2467e-01, PNorm = 34.8978, GNorm = 5.1458, lr_0 = 9.0648e-04
Loss = 5.3719e-01, PNorm = 34.9490, GNorm = 6.1982, lr_0 = 8.9542e-04
Loss = 5.7241e-01, PNorm = 35.0131, GNorm = 4.6136, lr_0 = 8.8449e-04
Loss = 4.9784e-01, PNorm = 35.0745, GNorm = 3.5512, lr_0 = 8.7370e-04
Loss = 5.7174e-01, PNorm = 35.1201, GNorm = 1.4246, lr_0 = 8.6305e-04
Loss = 5.6805e-01, PNorm = 35.1735, GNorm = 6.2584, lr_0 = 8.5252e-04
Validation rmse = 0.839255
Epoch 4
Loss = 5.7444e-01, PNorm = 35.2290, GNorm = 3.9161, lr_0 = 8.4109e-04
Loss = 5.2963e-01, PNorm = 35.2784, GNorm = 6.5849, lr_0 = 8.3083e-04
Loss = 4.6480e-01, PNorm = 35.3311, GNorm = 5.5670, lr_0 = 8.2069e-04
Loss = 4.3049e-01, PNorm = 35.3749, GNorm = 2.1217, lr_0 = 8.1068e-04
Loss = 3.8947e-01, PNorm = 35.4271, GNorm = 1.8517, lr_0 = 8.0079e-04
Loss = 4.4125e-01, PNorm = 35.4619, GNorm = 1.8444, lr_0 = 7.9102e-04
Loss = 4.5166e-01, PNorm = 35.5146, GNorm = 4.4578, lr_0 = 7.8137e-04
Validation rmse = 0.791606
Epoch 5
Loss = 4.1088e-01, PNorm = 35.5621, GNorm = 10.0381, lr_0 = 7.7184e-04
Loss = 4.0525e-01, PNorm = 35.6134, GNorm = 2.9162, lr_0 = 7.6242e-04
Loss = 3.5920e-01, PNorm = 35.6688, GNorm = 3.1204, lr_0 = 7.5312e-04
Loss = 3.9984e-01, PNorm = 35.7033, GNorm = 1.5658, lr_0 = 7.4394e-04
Loss = 3.7208e-01, PNorm = 35.7455, GNorm = 1.8071, lr_0 = 7.3486e-04
Loss = 4.1948e-01, PNorm = 35.7852, GNorm = 2.4721, lr_0 = 7.2590e-04
Loss = 4.0804e-01, PNorm = 35.8289, GNorm = 9.5478, lr_0 = 7.1704e-04
Validation rmse = 0.860561
Epoch 6
Loss = 4.3681e-01, PNorm = 35.8652, GNorm = 5.8867, lr_0 = 7.0742e-04
Loss = 5.4417e-01, PNorm = 35.9176, GNorm = 3.4208, lr_0 = 6.9879e-04
Loss = 3.7804e-01, PNorm = 35.9638, GNorm = 2.3109, lr_0 = 6.9027e-04
Loss = 3.7775e-01, PNorm = 35.9931, GNorm = 3.5429, lr_0 = 6.8185e-04
Loss = 3.2413e-01, PNorm = 36.0350, GNorm = 3.6708, lr_0 = 6.7353e-04
Loss = 3.1396e-01, PNorm = 36.0691, GNorm = 6.6043, lr_0 = 6.6532e-04
Loss = 3.5923e-01, PNorm = 36.1030, GNorm = 2.2857, lr_0 = 6.5720e-04
Loss = 3.2472e-01, PNorm = 36.1056, GNorm = 4.4046, lr_0 = 6.5639e-04
Validation rmse = 0.714973
Epoch 7
Loss = 3.3932e-01, PNorm = 36.1307, GNorm = 2.4867, lr_0 = 6.4839e-04
Loss = 4.0500e-01, PNorm = 36.1671, GNorm = 10.2576, lr_0 = 6.4048e-04
Loss = 3.5221e-01, PNorm = 36.2141, GNorm = 2.0669, lr_0 = 6.3266e-04
Loss = 3.6630e-01, PNorm = 36.2521, GNorm = 4.5187, lr_0 = 6.2495e-04
Loss = 3.5412e-01, PNorm = 36.2849, GNorm = 3.6514, lr_0 = 6.1732e-04
Loss = 2.8874e-01, PNorm = 36.3162, GNorm = 2.5939, lr_0 = 6.0979e-04
Validation rmse = 0.699449
Epoch 8
Loss = 2.5325e-01, PNorm = 36.3429, GNorm = 1.6546, lr_0 = 6.0161e-04
Loss = 2.7743e-01, PNorm = 36.3750, GNorm = 1.3938, lr_0 = 5.9427e-04
Loss = 2.8959e-01, PNorm = 36.4037, GNorm = 2.4298, lr_0 = 5.8703e-04
Loss = 2.9143e-01, PNorm = 36.4308, GNorm = 1.4635, lr_0 = 5.7986e-04
Loss = 3.0331e-01, PNorm = 36.4583, GNorm = 4.3142, lr_0 = 5.7279e-04
Loss = 2.9857e-01, PNorm = 36.4854, GNorm = 1.4137, lr_0 = 5.6580e-04
Loss = 3.0714e-01, PNorm = 36.5095, GNorm = 2.7542, lr_0 = 5.5890e-04
Validation rmse = 0.645861
Epoch 9
Loss = 2.5528e-01, PNorm = 36.5397, GNorm = 3.3380, lr_0 = 5.5141e-04
Loss = 2.6098e-01, PNorm = 36.5673, GNorm = 1.4420, lr_0 = 5.4468e-04
Loss = 3.1198e-01, PNorm = 36.5992, GNorm = 1.5604, lr_0 = 5.3803e-04
Loss = 2.4867e-01, PNorm = 36.6244, GNorm = 3.9660, lr_0 = 5.3147e-04
Loss = 2.8416e-01, PNorm = 36.6388, GNorm = 4.2632, lr_0 = 5.2499e-04
Loss = 2.6268e-01, PNorm = 36.6636, GNorm = 1.3522, lr_0 = 5.1858e-04
Loss = 2.9193e-01, PNorm = 36.6941, GNorm = 2.4372, lr_0 = 5.1226e-04
Validation rmse = 0.652659
Epoch 10
Loss = 2.5810e-01, PNorm = 36.7140, GNorm = 1.4691, lr_0 = 5.0601e-04
Loss = 2.6040e-01, PNorm = 36.7358, GNorm = 5.9187, lr_0 = 4.9984e-04
Loss = 2.7245e-01, PNorm = 36.7603, GNorm = 2.8519, lr_0 = 4.9374e-04
Loss = 2.3312e-01, PNorm = 36.7868, GNorm = 5.5406, lr_0 = 4.8772e-04
Loss = 3.1633e-01, PNorm = 36.8080, GNorm = 2.4783, lr_0 = 4.8177e-04
Loss = 2.7562e-01, PNorm = 36.8275, GNorm = 3.0549, lr_0 = 4.7589e-04
Validation rmse = 0.618824
Epoch 11
Loss = 2.3076e-01, PNorm = 36.8601, GNorm = 2.2105, lr_0 = 4.6951e-04
Loss = 2.5304e-01, PNorm = 36.8863, GNorm = 7.7742, lr_0 = 4.6378e-04
Loss = 2.2802e-01, PNorm = 36.8964, GNorm = 2.9653, lr_0 = 4.5812e-04
Loss = 2.5132e-01, PNorm = 36.9107, GNorm = 2.7986, lr_0 = 4.5253e-04
Loss = 2.7562e-01, PNorm = 36.9292, GNorm = 1.6828, lr_0 = 4.4701e-04
Loss = 2.1964e-01, PNorm = 36.9532, GNorm = 1.3422, lr_0 = 4.4156e-04
Loss = 2.6563e-01, PNorm = 36.9769, GNorm = 2.3437, lr_0 = 4.3617e-04
Validation rmse = 0.673082
Epoch 12
Loss = 2.6246e-01, PNorm = 37.0121, GNorm = 3.2200, lr_0 = 4.3032e-04
Loss = 2.0935e-01, PNorm = 37.0324, GNorm = 1.4857, lr_0 = 4.2507e-04
Loss = 2.0996e-01, PNorm = 37.0508, GNorm = 2.7458, lr_0 = 4.1989e-04
Loss = 2.5078e-01, PNorm = 37.0756, GNorm = 3.8912, lr_0 = 4.1477e-04
Loss = 2.5237e-01, PNorm = 37.0907, GNorm = 2.7442, lr_0 = 4.0971e-04
Loss = 2.3368e-01, PNorm = 37.1162, GNorm = 1.1335, lr_0 = 4.0471e-04
Loss = 2.4474e-01, PNorm = 37.1374, GNorm = 2.5448, lr_0 = 3.9977e-04
Validation rmse = 0.577453
Epoch 13
Loss = 2.4082e-01, PNorm = 37.1626, GNorm = 8.1647, lr_0 = 3.9441e-04
Loss = 2.1268e-01, PNorm = 37.1828, GNorm = 1.8128, lr_0 = 3.8960e-04
Loss = 2.5500e-01, PNorm = 37.1905, GNorm = 2.8569, lr_0 = 3.8485e-04
Loss = 2.4025e-01, PNorm = 37.2056, GNorm = 5.7787, lr_0 = 3.8015e-04
Loss = 2.3839e-01, PNorm = 37.2263, GNorm = 3.2818, lr_0 = 3.7551e-04
Loss = 2.2221e-01, PNorm = 37.2452, GNorm = 3.4343, lr_0 = 3.7093e-04
Loss = 2.2589e-01, PNorm = 37.2663, GNorm = 4.2069, lr_0 = 3.6641e-04
Loss = 1.2806e-01, PNorm = 37.2685, GNorm = 4.7312, lr_0 = 3.6596e-04
Validation rmse = 0.572745
Epoch 14
Loss = 1.9934e-01, PNorm = 37.2873, GNorm = 6.9455, lr_0 = 3.6150e-04
Loss = 2.1351e-01, PNorm = 37.3030, GNorm = 2.1128, lr_0 = 3.5709e-04
Loss = 2.2261e-01, PNorm = 37.3239, GNorm = 5.0947, lr_0 = 3.5273e-04
Loss = 2.2563e-01, PNorm = 37.3434, GNorm = 6.8968, lr_0 = 3.4843e-04
Loss = 2.4436e-01, PNorm = 37.3571, GNorm = 4.0296, lr_0 = 3.4418e-04
Loss = 2.1295e-01, PNorm = 37.3750, GNorm = 3.6755, lr_0 = 3.3998e-04
Validation rmse = 0.620182
Epoch 15
Loss = 1.8799e-01, PNorm = 37.3921, GNorm = 4.4908, lr_0 = 3.3583e-04
Loss = 2.0346e-01, PNorm = 37.4083, GNorm = 2.8948, lr_0 = 3.3173e-04
Loss = 2.4817e-01, PNorm = 37.4262, GNorm = 5.0601, lr_0 = 3.2769e-04
Loss = 2.0714e-01, PNorm = 37.4453, GNorm = 3.6142, lr_0 = 3.2369e-04
Loss = 1.6574e-01, PNorm = 37.4594, GNorm = 1.1719, lr_0 = 3.1974e-04
Loss = 1.8419e-01, PNorm = 37.4711, GNorm = 1.3148, lr_0 = 3.1584e-04
Loss = 2.2045e-01, PNorm = 37.4821, GNorm = 2.4897, lr_0 = 3.1199e-04
Validation rmse = 0.582024
Epoch 16
Loss = 1.9201e-01, PNorm = 37.4906, GNorm = 1.5899, lr_0 = 3.0780e-04
Loss = 2.0025e-01, PNorm = 37.5074, GNorm = 5.3601, lr_0 = 3.0405e-04
Loss = 2.0236e-01, PNorm = 37.5232, GNorm = 1.1443, lr_0 = 3.0034e-04
Loss = 2.1455e-01, PNorm = 37.5399, GNorm = 2.4447, lr_0 = 2.9668e-04
Loss = 1.9695e-01, PNorm = 37.5582, GNorm = 5.9105, lr_0 = 2.9306e-04
Loss = 2.3314e-01, PNorm = 37.5756, GNorm = 2.0965, lr_0 = 2.8948e-04
Loss = 1.7900e-01, PNorm = 37.5883, GNorm = 1.1116, lr_0 = 2.8595e-04
Validation rmse = 0.562447
Epoch 17
Loss = 2.3363e-01, PNorm = 37.5966, GNorm = 4.6549, lr_0 = 2.8212e-04
Loss = 1.8812e-01, PNorm = 37.6088, GNorm = 4.2563, lr_0 = 2.7867e-04
Loss = 2.2422e-01, PNorm = 37.6223, GNorm = 2.2946, lr_0 = 2.7527e-04
Loss = 1.6587e-01, PNorm = 37.6394, GNorm = 1.5929, lr_0 = 2.7192e-04
Loss = 1.6843e-01, PNorm = 37.6547, GNorm = 1.6353, lr_0 = 2.6860e-04
Loss = 1.8686e-01, PNorm = 37.6638, GNorm = 2.4609, lr_0 = 2.6532e-04
Validation rmse = 0.566985
Epoch 18
Loss = 1.8670e-01, PNorm = 37.6780, GNorm = 2.3884, lr_0 = 2.6176e-04
Loss = 1.7851e-01, PNorm = 37.6916, GNorm = 3.4880, lr_0 = 2.5857e-04
Loss = 1.5605e-01, PNorm = 37.7033, GNorm = 1.1692, lr_0 = 2.5542e-04
Loss = 1.7837e-01, PNorm = 37.7162, GNorm = 2.7564, lr_0 = 2.5230e-04
Loss = 1.6094e-01, PNorm = 37.7277, GNorm = 2.1004, lr_0 = 2.4922e-04
Loss = 1.8780e-01, PNorm = 37.7369, GNorm = 2.1233, lr_0 = 2.4618e-04
Loss = 1.6518e-01, PNorm = 37.7460, GNorm = 1.9260, lr_0 = 2.4318e-04
Validation rmse = 0.555055
Epoch 19
Loss = 2.0077e-01, PNorm = 37.7583, GNorm = 1.7931, lr_0 = 2.3992e-04
Loss = 1.6826e-01, PNorm = 37.7695, GNorm = 1.1001, lr_0 = 2.3699e-04
Loss = 1.7722e-01, PNorm = 37.7832, GNorm = 2.3276, lr_0 = 2.3410e-04
Loss = 1.7100e-01, PNorm = 37.7930, GNorm = 2.1625, lr_0 = 2.3125e-04
Loss = 1.5956e-01, PNorm = 37.8006, GNorm = 3.0034, lr_0 = 2.2842e-04
Loss = 1.8648e-01, PNorm = 37.8106, GNorm = 4.9145, lr_0 = 2.2564e-04
Loss = 1.7355e-01, PNorm = 37.8219, GNorm = 2.7483, lr_0 = 2.2289e-04
Validation rmse = 0.550984
Epoch 20
Loss = 1.3471e-01, PNorm = 37.8356, GNorm = 2.1361, lr_0 = 2.2017e-04
Loss = 1.5158e-01, PNorm = 37.8454, GNorm = 3.8529, lr_0 = 2.1748e-04
Loss = 1.7422e-01, PNorm = 37.8532, GNorm = 4.4296, lr_0 = 2.1483e-04
Loss = 1.7834e-01, PNorm = 37.8639, GNorm = 1.3445, lr_0 = 2.1221e-04
Loss = 1.6777e-01, PNorm = 37.8755, GNorm = 1.4531, lr_0 = 2.0962e-04
Loss = 1.6595e-01, PNorm = 37.8832, GNorm = 1.4220, lr_0 = 2.0706e-04
Loss = 1.7907e-01, PNorm = 37.8918, GNorm = 2.2436, lr_0 = 2.0453e-04
Validation rmse = 0.560403
Epoch 21
Loss = 1.6532e-01, PNorm = 37.9048, GNorm = 5.9127, lr_0 = 2.0179e-04
Loss = 1.7013e-01, PNorm = 37.9119, GNorm = 8.0908, lr_0 = 1.9933e-04
Loss = 1.9381e-01, PNorm = 37.9234, GNorm = 3.9726, lr_0 = 1.9690e-04
Loss = 1.8052e-01, PNorm = 37.9336, GNorm = 2.4194, lr_0 = 1.9450e-04
Loss = 1.8283e-01, PNorm = 37.9447, GNorm = 2.8641, lr_0 = 1.9212e-04
Loss = 1.8203e-01, PNorm = 37.9539, GNorm = 4.0015, lr_0 = 1.8978e-04
Validation rmse = 0.544043
Epoch 22
Loss = 1.5008e-01, PNorm = 37.9621, GNorm = 1.1955, lr_0 = 1.8724e-04
Loss = 1.4482e-01, PNorm = 37.9713, GNorm = 2.4513, lr_0 = 1.8495e-04
Loss = 1.8377e-01, PNorm = 37.9813, GNorm = 1.7949, lr_0 = 1.8270e-04
Loss = 1.5763e-01, PNorm = 37.9891, GNorm = 2.0610, lr_0 = 1.8047e-04
Loss = 1.3009e-01, PNorm = 37.9963, GNorm = 0.9931, lr_0 = 1.7827e-04
Loss = 1.6810e-01, PNorm = 38.0047, GNorm = 1.3984, lr_0 = 1.7609e-04
Loss = 1.5596e-01, PNorm = 38.0122, GNorm = 1.4027, lr_0 = 1.7394e-04
Validation rmse = 0.541092
Epoch 23
Loss = 1.8634e-01, PNorm = 38.0214, GNorm = 4.8319, lr_0 = 1.7161e-04
Loss = 1.3915e-01, PNorm = 38.0302, GNorm = 2.6647, lr_0 = 1.6952e-04
Loss = 1.3577e-01, PNorm = 38.0365, GNorm = 4.5651, lr_0 = 1.6745e-04
Loss = 1.3443e-01, PNorm = 38.0445, GNorm = 3.2187, lr_0 = 1.6541e-04
Loss = 1.3686e-01, PNorm = 38.0532, GNorm = 2.2154, lr_0 = 1.6339e-04
Loss = 1.5530e-01, PNorm = 38.0596, GNorm = 4.0865, lr_0 = 1.6139e-04
Loss = 1.7612e-01, PNorm = 38.0674, GNorm = 1.8236, lr_0 = 1.5943e-04
Validation rmse = 0.534968
Epoch 24
Loss = 1.5023e-01, PNorm = 38.0771, GNorm = 1.7955, lr_0 = 1.5729e-04
Loss = 1.3870e-01, PNorm = 38.0836, GNorm = 1.0771, lr_0 = 1.5537e-04
Loss = 1.5129e-01, PNorm = 38.0907, GNorm = 4.9714, lr_0 = 1.5347e-04
Loss = 1.4482e-01, PNorm = 38.0982, GNorm = 5.2106, lr_0 = 1.5160e-04
Loss = 1.4674e-01, PNorm = 38.1032, GNorm = 1.2083, lr_0 = 1.4975e-04
Loss = 1.3849e-01, PNorm = 38.1095, GNorm = 1.3241, lr_0 = 1.4793e-04
Loss = 1.8794e-01, PNorm = 38.1158, GNorm = 5.7112, lr_0 = 1.4612e-04
Validation rmse = 0.547460
Epoch 25
Loss = 1.3523e-01, PNorm = 38.1201, GNorm = 1.4886, lr_0 = 1.4434e-04
Loss = 1.6214e-01, PNorm = 38.1282, GNorm = 1.2587, lr_0 = 1.4258e-04
Loss = 1.4143e-01, PNorm = 38.1365, GNorm = 1.4525, lr_0 = 1.4084e-04
Loss = 1.2550e-01, PNorm = 38.1439, GNorm = 1.1100, lr_0 = 1.3912e-04
Loss = 1.5248e-01, PNorm = 38.1502, GNorm = 2.1926, lr_0 = 1.3742e-04
Loss = 1.4128e-01, PNorm = 38.1574, GNorm = 2.0023, lr_0 = 1.3575e-04
Validation rmse = 0.540601
Epoch 26
Loss = 1.3570e-01, PNorm = 38.1643, GNorm = 2.6896, lr_0 = 1.3393e-04
Loss = 1.2644e-01, PNorm = 38.1711, GNorm = 1.9369, lr_0 = 1.3229e-04
Loss = 1.5721e-01, PNorm = 38.1795, GNorm = 2.4346, lr_0 = 1.3068e-04
Loss = 1.4603e-01, PNorm = 38.1863, GNorm = 1.5030, lr_0 = 1.2908e-04
Loss = 1.1725e-01, PNorm = 38.1921, GNorm = 2.1072, lr_0 = 1.2751e-04
Loss = 1.2466e-01, PNorm = 38.1962, GNorm = 1.1988, lr_0 = 1.2595e-04
Loss = 1.5602e-01, PNorm = 38.2015, GNorm = 2.6874, lr_0 = 1.2442e-04
Validation rmse = 0.561643
Epoch 27
Loss = 1.2026e-01, PNorm = 38.2091, GNorm = 4.9166, lr_0 = 1.2275e-04
Loss = 1.4291e-01, PNorm = 38.2142, GNorm = 3.2591, lr_0 = 1.2125e-04
Loss = 1.2988e-01, PNorm = 38.2190, GNorm = 2.8678, lr_0 = 1.1977e-04
Loss = 1.4426e-01, PNorm = 38.2246, GNorm = 6.1739, lr_0 = 1.1831e-04
Loss = 1.5954e-01, PNorm = 38.2319, GNorm = 5.5923, lr_0 = 1.1687e-04
Loss = 1.3938e-01, PNorm = 38.2389, GNorm = 4.0338, lr_0 = 1.1544e-04
Loss = 1.5235e-01, PNorm = 38.2447, GNorm = 2.6535, lr_0 = 1.1403e-04
Validation rmse = 0.544315
Epoch 28
Loss = 1.2554e-01, PNorm = 38.2494, GNorm = 3.5081, lr_0 = 1.1251e-04
Loss = 1.5946e-01, PNorm = 38.2554, GNorm = 2.0617, lr_0 = 1.1113e-04
Loss = 1.2056e-01, PNorm = 38.2613, GNorm = 1.2929, lr_0 = 1.0978e-04
Loss = 1.3134e-01, PNorm = 38.2667, GNorm = 0.8920, lr_0 = 1.0844e-04
Loss = 1.3982e-01, PNorm = 38.2713, GNorm = 4.7451, lr_0 = 1.0712e-04
Loss = 1.4072e-01, PNorm = 38.2773, GNorm = 2.0299, lr_0 = 1.0581e-04
Validation rmse = 0.537866
Epoch 29
Loss = 1.6945e-01, PNorm = 38.2815, GNorm = 1.1806, lr_0 = 1.0439e-04
Loss = 1.3966e-01, PNorm = 38.2854, GNorm = 1.5253, lr_0 = 1.0312e-04
Loss = 1.2976e-01, PNorm = 38.2908, GNorm = 2.7123, lr_0 = 1.0186e-04
Loss = 1.0984e-01, PNorm = 38.2953, GNorm = 4.7758, lr_0 = 1.0062e-04
Loss = 1.2714e-01, PNorm = 38.3008, GNorm = 2.6157, lr_0 = 1.0000e-04
Loss = 1.2255e-01, PNorm = 38.3038, GNorm = 1.9623, lr_0 = 1.0000e-04
Loss = 1.4568e-01, PNorm = 38.3088, GNorm = 3.9740, lr_0 = 1.0000e-04
Validation rmse = 0.552274
Model 0 best validation rmse = 0.534968 on epoch 23
Loading pretrained parameter "encoder.encoder.0.cached_zero_vector".
Loading pretrained parameter "encoder.encoder.0.W_i.weight".
Loading pretrained parameter "encoder.encoder.0.W_h.weight".
Loading pretrained parameter "encoder.encoder.0.W_o.weight".
Loading pretrained parameter "encoder.encoder.0.W_o.bias".
Loading pretrained parameter "ffn.1.weight".
Loading pretrained parameter "ffn.1.bias".
Loading pretrained parameter "ffn.4.weight".
Loading pretrained parameter "ffn.4.bias".
Model 0 test rmse = 0.558552
Ensemble test rmse = 0.558552
1-fold cross validation
	Seed 0 ==> test rmse = 0.558552
Overall test rmse = 0.558552 +/- 0.000000
Elapsed time = 0:04:22
